[0506/230732.115:ERROR:process_memory_win.cc(73)] ReadMemory at 0x13fed0000 of 64 bytes failed: Seule une partie d’une requête ReadProcessMemory ou WriteProcessMemory a été effectuée. (0x12B)
[0506/230732.211:WARNING:pe_image_reader.cc(340)] could not read dos header from C:\Program Files (x86)\Google\Chrome\Application\chrome.exe
[0506/230732.211:ERROR:process_memory_win.cc(73)] ReadMemory at 0x76d90000 of 64 bytes failed: Seule une partie d’une requête ReadProcessMemory ou WriteProcessMemory a été effectuée. (0x12B)
[0506/230732.211:WARNING:pe_image_reader.cc(340)] could not read dos header from C:\Windows\SYSTEM32\ntdll.dll
[0506/230732.211:ERROR:process_memory_win.cc(73)] ReadMemory at 0x76c70000 of 64 bytes failed: Seule une partie d’une requête ReadProcessMemory ou WriteProcessMemory a été effectuée. (0x12B)
[0506/230732.211:WARNING:pe_image_reader.cc(340)] could not read dos header from C:\Windows\system32\KERNEL32.dll
[0506/230732.211:ERROR:process_memory_win.cc(73)] ReadMemory at 0x7fefcb70000 of 64 bytes failed: Seule une partie d’une requête ReadProcessMemory ou WriteProcessMemory a été effectuée. (0x12B)
[0506/230732.211:WARNING:pe_image_reader.cc(340)] could not read dos header from C:\Windows\system32\KERNELBASE.dll
[0506/230732.211:ERROR:process_memory_win.cc(73)] ReadMemory at 0x7fec6700000 of 64 bytes failed: Seule une partie d’une requête ReadProcessMemory ou WriteProcessMemory a été effectuée. (0x12B)
[0506/230732.211:WARNING:pe_image_reader.cc(340)] could not read dos header from C:\Program Files (x86)\Google\Chrome\Application\81.0.4044.138\chrome_elf.dll
[0506/230732.211:ERROR:process_memory_win.cc(73)] ReadMemory at 0x7fefbca0000 of 64 bytes failed: Seule une partie d’une requête ReadProcessMemory ou WriteProcessMemory a été effectuée. (0x12B)
[0506/230732.211:WARNING:pe_image_reader.cc(340)] could not read dos header from C:\Windows\system32\VERSION.dll
[0506/230732.211:ERROR:process_memory_win.cc(73)] ReadMemory at 0x7fefd000000 of 64 bytes failed: Seule une partie d’une requête ReadProcessMemory ou WriteProcessMemory a été effectuée. (0x12B)
[0506/230732.211:WARNING:pe_image_reader.cc(340)] could not read dos header from C:\Windows\system32\msvcrt.dll
[0506/230732.211:ERROR:process_memory_win.cc(73)] ReadMemory at 0x7fef5160000 of 64 bytes failed: Seule une partie d’une requête ReadProcessMemory ou WriteProcessMemory a été effectuée. (0x12B)
[0506/230732.211:WARNING:pe_image_reader.cc(340)] could not read dos header from C:\Windows\system32\api-ms-win-core-synch-l1-2-0.DLL
[0506/230732.212:ERROR:process_memory_win.cc(73)] ReadMemory at 0x7fefed50000 of 64 bytes failed: Seule une partie d’une requête ReadProcessMemory ou WriteProcessMemory a été effectuée. (0x12B)
[0506/230732.212:WARNING:pe_image_reader.cc(340)] could not read dos header from C:\Windows\system32\GDI32.dll
[0506/230732.212:ERROR:process_memory_win.cc(73)] ReadMemory at 0x76b70000 of 64 bytes failed: Seule une partie d’une requête ReadProcessMemory ou WriteProcessMemory a été effectuée. (0x12B)
[0506/230732.212:WARNING:pe_image_reader.cc(340)] could not read dos header from C:\Windows\system32\USER32.dll
[0506/230732.212:ERROR:process_memory_win.cc(73)] ReadMemory at 0x7fefd0a0000 of 64 bytes failed: Seule une partie d’une requête ReadProcessMemory ou WriteProcessMemory a été effectuée. (0x12B)
[0506/230732.212:WARNING:pe_image_reader.cc(340)] could not read dos header from C:\Windows\system32\LPK.dll
[0506/230732.212:ERROR:process_memory_win.cc(73)] ReadMemory at 0x7fefd840000 of 64 bytes failed: Seule une partie d’une requête ReadProcessMemory ou WriteProcessMemory a été effectuée. (0x12B)
[0506/230732.212:WARNING:pe_image_reader.cc(340)] could not read dos header from C:\Windows\system32\USP10.dll
[0506/230732.212:ERROR:process_memory_win.cc(73)] ReadMemory at 0x7fefd0b0000 of 64 bytes failed: Seule une partie d’une requête ReadProcessMemory ou WriteProcessMemory a été effectuée. (0x12B)
[0506/230732.212:WARNING:pe_image_reader.cc(340)] could not read dos header from C:\Windows\system32\IMM32.DLL
[0506/230732.212:ERROR:process_memory_win.cc(73)] ReadMemory at 0x7fefd2c0000 of 64 bytes failed: Seule une partie d’une requête ReadProcessMemory ou WriteProcessMemory a été effectuée. (0x12B)
[0506/230732.212:WARNING:pe_image_reader.cc(340)] could not read dos header from C:\Windows\system32\MSCTF.dll
[0506/230732.212:ERROR:process_memory_win.cc(73)] ReadMemory at 0x7fefa6c0000 of 64 bytes failed: Seule une partie d’une requête ReadProcessMemory ou WriteProcessMemory a été effectuée. (0x12B)
[0506/230732.212:WARNING:pe_image_reader.cc(340)] could not read dos header from C:\Windows\system32\WINMM.dll
[0506/230732.212:ERROR:process_memory_win.cc(73)] ReadMemory at 0x7fefd520000 of 64 bytes failed: Seule une partie d’une requête ReadProcessMemory ou WriteProcessMemory a été effectuée. (0x12B)
[0506/230732.212:WARNING:pe_image_reader.cc(340)] could not read dos header from C:\Windows\system32\ADVAPI32.dll
[0506/230732.212:ERROR:process_memory_win.cc(73)] ReadMemory at 0x7fefd820000 of 64 bytes failed: Seule une partie d’une requête ReadProcessMemory ou WriteProcessMemory a été effectuée. (0x12B)
[0506/230732.212:WARNING:pe_image_reader.cc(340)] could not read dos header from C:\Windows\SYSTEM32\sechost.dll
[0506/230732.212:ERROR:process_memory_win.cc(73)] ReadMemory at 0x7fefd3d0000 of 64 bytes failed: Seule une partie d’une requête ReadProcessMemory ou WriteProcessMemory a été effectuée. (0x12B)
[0506/230732.212:WARNING:pe_image_reader.cc(340)] could not read dos header from C:\Windows\system32\RPCRT4.dll
[0506/230732.212:ERROR:process_memory_win.cc(73)] ReadMemory at 0x7feb8ce0000 of 64 bytes failed: Seule une partie d’une requête ReadProcessMemory ou WriteProcessMemory a été effectuée. (0x12B)
[0506/230732.212:WARNING:pe_image_reader.cc(340)] could not read dos header from C:\Program Files (x86)\Google\Chrome\Application\81.0.4044.138\chrome.dll
[0506/230732.212:ERROR:process_memory_win.cc(73)] ReadMemory at 0x7fefdb10000 of 64 bytes failed: Seule une partie d’une requête ReadProcessMemory ou WriteProcessMemory a été effectuée. (0x12B)
[0506/230732.212:WARNING:pe_image_reader.cc(340)] could not read dos header from C:\Windows\system32\WS2_32.dll
[0506/230732.212:ERROR:process_memory_win.cc(73)] ReadMemory at 0x7fefcf70000 of 64 bytes failed: Seule une partie d’une requête ReadProcessMemory ou WriteProcessMemory a été effectuée. (0x12B)
[0506/230732.212:WARNING:pe_image_reader.cc(340)] could not read dos header from C:\Windows\system32\NSI.dll
[0506/230732.212:ERROR:process_memory_win.cc(73)] ReadMemory at 0x7fefbcc0000 of 64 bytes failed: Seule une partie d’une requête ReadProcessMemory ou WriteProcessMemory a été effectuée. (0x12B)
[0506/230732.212:WARNING:pe_image_reader.cc(340)] could not read dos header from C:\Windows\system32\IPHLPAPI.DLL
[0506/230732.212:ERROR:process_memory_win.cc(73)] ReadMemory at 0x7fefbcb0000 of 64 bytes failed: Seule une partie d’une requête ReadProcessMemory ou WriteProcessMemory a été effectuée. (0x12B)
[0506/230732.212:WARNING:pe_image_reader.cc(340)] could not read dos header from C:\Windows\system32\WINNSI.DLL
[0506/230732.212:ERROR:process_memory_win.cc(73)] ReadMemory at 0x7fefd600000 of 64 bytes failed: Seule une partie d’une requête ReadProcessMemory ou WriteProcessMemory a été effectuée. (0x12B)
[0506/230732.212:WARNING:pe_image_reader.cc(340)] could not read dos header from C:\Windows\system32\OLEAUT32.dll
[0506/230732.212:ERROR:process_memory_win.cc(73)] ReadMemory at 0x7fefd910000 of 64 bytes failed: Seule une partie d’une requête ReadProcessMemory ou WriteProcessMemory a été effectuée. (0x12B)
[0506/230732.212:WARNING:pe_image_reader.cc(340)] could not read dos header from C:\Windows\system32\ole32.dll
[0506/230732.212:ERROR:process_memory_win.cc(73)] ReadMemory at 0x7fefc930000 of 64 bytes failed: Seule une partie d’une requête ReadProcessMemory ou WriteProcessMemory a été effectuée. (0x12B)
[0506/230732.212:WARNING:pe_image_reader.cc(340)] could not read dos header from C:\Windows\system32\Secur32.dll
[0506/230732.212:ERROR:process_memory_win.cc(73)] ReadMemory at 0x7fefc960000 of 64 bytes failed: Seule une partie d’une requête ReadProcessMemory ou WriteProcessMemory a été effectuée. (0x12B)
[0506/230732.213:WARNING:pe_image_reader.cc(340)] could not read dos header from C:\Windows\system32\SSPICLI.DLL
[0506/230732.213:ERROR:process_memory_win.cc(73)] ReadMemory at 0x7fefce00000 of 64 bytes failed: Seule une partie d’une requête ReadProcessMemory ou WriteProcessMemory a été effectuée. (0x12B)
[0506/230732.213:WARNING:pe_image_reader.cc(340)] could not read dos header from C:\Windows\system32\USERENV.dll
[0506/230732.213:ERROR:process_memory_win.cc(73)] ReadMemory at 0x7fefcb60000 of 64 bytes failed: Seule une partie d’une requête ReadProcessMemory ou WriteProcessMemory a été effectuée. (0x12B)
[0506/230732.213:WARNING:pe_image_reader.cc(340)] could not read dos header from C:\Windows\system32\profapi.dll
[0506/230732.213:ERROR:process_memory_win.cc(73)] ReadMemory at 0x7fefcdc0000 of 64 bytes failed: Seule une partie d’une requête ReadProcessMemory ou WriteProcessMemory a été effectuée. (0x12B)
[0506/230732.213:WARNING:pe_image_reader.cc(340)] could not read dos header from C:\Windows\system32\WINTRUST.dll
[0506/230732.213:ERROR:process_memory_win.cc(73)] ReadMemory at 0x7fefcbe0000 of 64 bytes failed: Seule une partie d’une requête ReadProcessMemory ou WriteProcessMemory a été effectuée. (0x12B)
[0506/230732.213:WARNING:pe_image_reader.cc(340)] could not read dos header from C:\Windows\system32\CRYPT32.dll
[0506/230732.213:ERROR:process_memory_win.cc(73)] ReadMemory at 0x7fefcb50000 of 64 bytes failed: Seule une partie d’une requête ReadProcessMemory ou WriteProcessMemory a été effectuée. (0x12B)
[0506/230732.213:WARNING:pe_image_reader.cc(340)] could not read dos header from C:\Windows\system32\MSASN1.dll
[0506/230732.213:ERROR:process_memory_win.cc(73)] ReadMemory at 0x7fee20e0000 of 64 bytes failed: Seule une partie d’une requête ReadProcessMemory ou WriteProcessMemory a été effectuée. (0x12B)
[0506/230732.213:WARNING:pe_image_reader.cc(340)] could not read dos header from C:\Windows\system32\UIAutomationCore.DLL
[0506/230732.213:ERROR:process_memory_win.cc(73)] ReadMemory at 0x76f50000 of 64 bytes failed: Seule une partie d’une requête ReadProcessMemory ou WriteProcessMemory a été effectuée. (0x12B)
[0506/230732.213:WARNING:pe_image_reader.cc(340)] could not read dos header from C:\Windows\system32\PSAPI.DLL
[0506/230732.213:ERROR:process_memory_win.cc(73)] ReadMemory at 0x7fefaa10000 of 64 bytes failed: Seule une partie d’une requête ReadProcessMemory ou WriteProcessMemory a été effectuée. (0x12B)
[0506/230732.213:WARNING:pe_image_reader.cc(340)] could not read dos header from C:\Windows\system32\OLEACC.dll
[0506/230732.213:ERROR:process_memory_win.cc(73)] ReadMemory at 0x7fedf010000 of 64 bytes failed: Seule une partie d’une requête ReadProcessMemory ou WriteProcessMemory a été effectuée. (0x12B)
[0506/230732.213:WARNING:pe_image_reader.cc(340)] could not read dos header from C:\Windows\system32\DWrite.dll
[0506/230732.213:ERROR:process_memory_win.cc(73)] ReadMemory at 0x7fef9460000 of 64 bytes failed: Seule une partie d’une requête ReadProcessMemory ou WriteProcessMemory a été effectuée. (0x12B)
[0506/230732.213:WARNING:pe_image_reader.cc(340)] could not read dos header from C:\Windows\system32\WINSPOOL.DRV
[0506/230732.213:ERROR:process_memory_win.cc(73)] ReadMemory at 0x7fef7d20000 of 64 bytes failed: Seule une partie d’une requête ReadProcessMemory ou WriteProcessMemory a été effectuée. (0x12B)
[0506/230732.213:WARNING:pe_image_reader.cc(340)] could not read dos header from C:\Windows\system32\dbghelp.dll
[0506/230732.213:ERROR:process_memory_win.cc(73)] ReadMemory at 0x7fef7fa0000 of 64 bytes failed: Seule une partie d’une requête ReadProcessMemory ou WriteProcessMemory a été effectuée. (0x12B)
[0506/230732.213:WARNING:pe_image_reader.cc(340)] could not read dos header from C:\Windows\system32\WINHTTP.dll
[0506/230732.213:ERROR:process_memory_win.cc(73)] ReadMemory at 0x7fef7f30000 of 64 bytes failed: Seule une partie d’une requête ReadProcessMemory ou WriteProcessMemory a été effectuée. (0x12B)
[0506/230732.213:WARNING:pe_image_reader.cc(340)] could not read dos header from C:\Windows\system32\webio.dll
[0506/230732.213:ERROR:process_memory_win.cc(73)] ReadMemory at 0x7fef9150000 of 64 bytes failed: Seule une partie d’une requête ReadProcessMemory ou WriteProcessMemory a été effectuée. (0x12B)
[0506/230732.213:WARNING:pe_image_reader.cc(340)] could not read dos header from C:\Windows\system32\dhcpcsvc.DLL
[0506/230732.213:ERROR:process_memory_win.cc(73)] ReadMemory at 0x7fefc9f0000 of 64 bytes failed: Seule une partie d’une requête ReadProcessMemory ou WriteProcessMemory a été effectuée. (0x12B)
[0506/230732.213:WARNING:pe_image_reader.cc(340)] could not read dos header from C:\Windows\system32\cryptbase.dll
[0506/230732.213:ERROR:process_memory_win.cc(73)] ReadMemory at 0x7fefb320000 of 64 bytes failed: Seule une partie d’une requête ReadProcessMemory ou WriteProcessMemory a été effectuée. (0x12B)
[0506/230732.214:WARNING:pe_image_reader.cc(340)] could not read dos header from C:\Windows\system32\uxtheme.dll
[0506/230732.490:ERROR:process_memory_win.cc(73)] ReadMemory at 0x13fed0000 of 64 bytes failed: Seule une partie d’une requête ReadProcessMemory ou WriteProcessMemory a été effectuée. (0x12B)
[0506/230732.490:WARNING:pe_image_reader.cc(340)] could not read dos header from C:\Program Files (x86)\Google\Chrome\Application\chrome.exe
[0506/230732.490:ERROR:process_memory_win.cc(73)] ReadMemory at 0x76d90000 of 64 bytes failed: Seule une partie d’une requête ReadProcessMemory ou WriteProcessMemory a été effectuée. (0x12B)
[0506/230732.490:WARNING:pe_image_reader.cc(340)] could not read dos header from C:\Windows\SYSTEM32\ntdll.dll
[0506/230732.490:ERROR:process_memory_win.cc(73)] ReadMemory at 0x76c70000 of 64 bytes failed: Seule une partie d’une requête ReadProcessMemory ou WriteProcessMemory a été effectuée. (0x12B)
[0506/230732.490:WARNING:pe_image_reader.cc(340)] could not read dos header from C:\Windows\system32\KERNEL32.dll
[0506/230732.490:ERROR:process_memory_win.cc(73)] ReadMemory at 0x7fefcb70000 of 64 bytes failed: Seule une partie d’une requête ReadProcessMemory ou WriteProcessMemory a été effectuée. (0x12B)
[0506/230732.490:WARNING:pe_image_reader.cc(340)] could not read dos header from C:\Windows\system32\KERNELBASE.dll
[0506/230732.490:ERROR:process_memory_win.cc(73)] ReadMemory at 0x7fec6700000 of 64 bytes failed: Seule une partie d’une requête ReadProcessMemory ou WriteProcessMemory a été effectuée. (0x12B)
[0506/230732.490:WARNING:pe_image_reader.cc(340)] could not read dos header from C:\Program Files (x86)\Google\Chrome\Application\81.0.4044.138\chrome_elf.dll
[0506/230732.490:ERROR:process_memory_win.cc(73)] ReadMemory at 0x7fefbca0000 of 64 bytes failed: Seule une partie d’une requête ReadProcessMemory ou WriteProcessMemory a été effectuée. (0x12B)
[0506/230732.490:WARNING:pe_image_reader.cc(340)] could not read dos header from C:\Windows\system32\VERSION.dll
[0506/230732.490:ERROR:process_memory_win.cc(73)] ReadMemory at 0x7fefd000000 of 64 bytes failed: Seule une partie d’une requête ReadProcessMemory ou WriteProcessMemory a été effectuée. (0x12B)
[0506/230732.490:WARNING:pe_image_reader.cc(340)] could not read dos header from C:\Windows\system32\msvcrt.dll
[0506/230732.490:ERROR:process_memory_win.cc(73)] ReadMemory at 0x7fef5160000 of 64 bytes failed: Seule une partie d’une requête ReadProcessMemory ou WriteProcessMemory a été effectuée. (0x12B)
[0506/230732.490:WARNING:pe_image_reader.cc(340)] could not read dos header from C:\Windows\system32\api-ms-win-core-synch-l1-2-0.DLL
[0506/230732.490:ERROR:process_memory_win.cc(73)] ReadMemory at 0x7fefed50000 of 64 bytes failed: Seule une partie d’une requête ReadProcessMemory ou WriteProcessMemory a été effectuée. (0x12B)
[0506/230732.490:WARNING:pe_image_reader.cc(340)] could not read dos header from C:\Windows\system32\GDI32.dll
[0506/230732.490:ERROR:process_memory_win.cc(73)] ReadMemory at 0x76b70000 of 64 bytes failed: Seule une partie d’une requête ReadProcessMemory ou WriteProcessMemory a été effectuée. (0x12B)
[0506/230732.491:WARNING:pe_image_reader.cc(340)] could not read dos header from C:\Windows\system32\USER32.dll
[0506/230732.491:ERROR:process_memory_win.cc(73)] ReadMemory at 0x7fefd0a0000 of 64 bytes failed: Seule une partie d’une requête ReadProcessMemory ou WriteProcessMemory a été effectuée. (0x12B)
[0506/230732.491:WARNING:pe_image_reader.cc(340)] could not read dos header from C:\Windows\system32\LPK.dll
[0506/230732.491:ERROR:process_memory_win.cc(73)] ReadMemory at 0x7fefd840000 of 64 bytes failed: Seule une partie d’une requête ReadProcessMemory ou WriteProcessMemory a été effectuée. (0x12B)
[0506/230732.491:WARNING:pe_image_reader.cc(340)] could not read dos header from C:\Windows\system32\USP10.dll
[0506/230732.491:ERROR:process_memory_win.cc(73)] ReadMemory at 0x7fefd0b0000 of 64 bytes failed: Seule une partie d’une requête ReadProcessMemory ou WriteProcessMemory a été effectuée. (0x12B)
[0506/230732.491:WARNING:pe_image_reader.cc(340)] could not read dos header from C:\Windows\system32\IMM32.DLL
[0506/230732.491:ERROR:process_memory_win.cc(73)] ReadMemory at 0x7fefd2c0000 of 64 bytes failed: Seule une partie d’une requête ReadProcessMemory ou WriteProcessMemory a été effectuée. (0x12B)
[0506/230732.491:WARNING:pe_image_reader.cc(340)] could not read dos header from C:\Windows\system32\MSCTF.dll
[0506/230732.491:ERROR:process_memory_win.cc(73)] ReadMemory at 0x7fefa6c0000 of 64 bytes failed: Seule une partie d’une requête ReadProcessMemory ou WriteProcessMemory a été effectuée. (0x12B)
[0506/230732.491:WARNING:pe_image_reader.cc(340)] could not read dos header from C:\Windows\system32\WINMM.dll
[0506/230732.491:ERROR:process_memory_win.cc(73)] ReadMemory at 0x7fefd520000 of 64 bytes failed: Seule une partie d’une requête ReadProcessMemory ou WriteProcessMemory a été effectuée. (0x12B)
[0506/230732.491:WARNING:pe_image_reader.cc(340)] could not read dos header from C:\Windows\system32\ADVAPI32.dll
[0506/230732.491:ERROR:process_memory_win.cc(73)] ReadMemory at 0x7fefd820000 of 64 bytes failed: Seule une partie d’une requête ReadProcessMemory ou WriteProcessMemory a été effectuée. (0x12B)
[0506/230732.491:WARNING:pe_image_reader.cc(340)] could not read dos header from C:\Windows\SYSTEM32\sechost.dll
[0506/230732.491:ERROR:process_memory_win.cc(73)] ReadMemory at 0x7fefd3d0000 of 64 bytes failed: Seule une partie d’une requête ReadProcessMemory ou WriteProcessMemory a été effectuée. (0x12B)
[0506/230732.491:WARNING:pe_image_reader.cc(340)] could not read dos header from C:\Windows\system32\RPCRT4.dll
[0506/230732.491:ERROR:process_memory_win.cc(73)] ReadMemory at 0x7feb8ce0000 of 64 bytes failed: Seule une partie d’une requête ReadProcessMemory ou WriteProcessMemory a été effectuée. (0x12B)
[0506/230732.491:WARNING:pe_image_reader.cc(340)] could not read dos header from C:\Program Files (x86)\Google\Chrome\Application\81.0.4044.138\chrome.dll
[0506/230732.491:ERROR:process_memory_win.cc(73)] ReadMemory at 0x7fefdb10000 of 64 bytes failed: Seule une partie d’une requête ReadProcessMemory ou WriteProcessMemory a été effectuée. (0x12B)
[0506/230732.491:WARNING:pe_image_reader.cc(340)] could not read dos header from C:\Windows\system32\WS2_32.dll
[0506/230732.491:ERROR:process_memory_win.cc(73)] ReadMemory at 0x7fefcf70000 of 64 bytes failed: Seule une partie d’une requête ReadProcessMemory ou WriteProcessMemory a été effectuée. (0x12B)
[0506/230732.491:WARNING:pe_image_reader.cc(340)] could not read dos header from C:\Windows\system32\NSI.dll
[0506/230732.491:ERROR:process_memory_win.cc(73)] ReadMemory at 0x7fefbcc0000 of 64 bytes failed: Seule une partie d’une requête ReadProcessMemory ou WriteProcessMemory a été effectuée. (0x12B)
[0506/230732.491:WARNING:pe_image_reader.cc(340)] could not read dos header from C:\Windows\system32\IPHLPAPI.DLL
[0506/230732.491:ERROR:process_memory_win.cc(73)] ReadMemory at 0x7fefbcb0000 of 64 bytes failed: Seule une partie d’une requête ReadProcessMemory ou WriteProcessMemory a été effectuée. (0x12B)
[0506/230732.491:WARNING:pe_image_reader.cc(340)] could not read dos header from C:\Windows\system32\WINNSI.DLL
[0506/230732.491:ERROR:process_memory_win.cc(73)] ReadMemory at 0x7fefd600000 of 64 bytes failed: Seule une partie d’une requête ReadProcessMemory ou WriteProcessMemory a été effectuée. (0x12B)
[0506/230732.491:WARNING:pe_image_reader.cc(340)] could not read dos header from C:\Windows\system32\OLEAUT32.dll
[0506/230732.491:ERROR:process_memory_win.cc(73)] ReadMemory at 0x7fefd910000 of 64 bytes failed: Seule une partie d’une requête ReadProcessMemory ou WriteProcessMemory a été effectuée. (0x12B)
[0506/230732.491:WARNING:pe_image_reader.cc(340)] could not read dos header from C:\Windows\system32\ole32.dll
[0506/230732.491:ERROR:process_memory_win.cc(73)] ReadMemory at 0x7fefc930000 of 64 bytes failed: Seule une partie d’une requête ReadProcessMemory ou WriteProcessMemory a été effectuée. (0x12B)
[0506/230732.491:WARNING:pe_image_reader.cc(340)] could not read dos header from C:\Windows\system32\Secur32.dll
[0506/230732.491:ERROR:process_memory_win.cc(73)] ReadMemory at 0x7fefc960000 of 64 bytes failed: Seule une partie d’une requête ReadProcessMemory ou WriteProcessMemory a été effectuée. (0x12B)
[0506/230732.492:WARNING:pe_image_reader.cc(340)] could not read dos header from C:\Windows\system32\SSPICLI.DLL
[0506/230732.492:ERROR:process_memory_win.cc(73)] ReadMemory at 0x7fefce00000 of 64 bytes failed: Seule une partie d’une requête ReadProcessMemory ou WriteProcessMemory a été effectuée. (0x12B)
[0506/230732.492:WARNING:pe_image_reader.cc(340)] could not read dos header from C:\Windows\system32\USERENV.dll
[0506/230732.492:ERROR:process_memory_win.cc(73)] ReadMemory at 0x7fefcb60000 of 64 bytes failed: Seule une partie d’une requête ReadProcessMemory ou WriteProcessMemory a été effectuée. (0x12B)
[0506/230732.492:WARNING:pe_image_reader.cc(340)] could not read dos header from C:\Windows\system32\profapi.dll
[0506/230732.492:ERROR:process_memory_win.cc(73)] ReadMemory at 0x7fefcdc0000 of 64 bytes failed: Seule une partie d’une requête ReadProcessMemory ou WriteProcessMemory a été effectuée. (0x12B)
[0506/230732.492:WARNING:pe_image_reader.cc(340)] could not read dos header from C:\Windows\system32\WINTRUST.dll
[0506/230732.492:ERROR:process_memory_win.cc(73)] ReadMemory at 0x7fefcbe0000 of 64 bytes failed: Seule une partie d’une requête ReadProcessMemory ou WriteProcessMemory a été effectuée. (0x12B)
[0506/230732.492:WARNING:pe_image_reader.cc(340)] could not read dos header from C:\Windows\system32\CRYPT32.dll
[0506/230732.492:ERROR:process_memory_win.cc(73)] ReadMemory at 0x7fefcb50000 of 64 bytes failed: Seule une partie d’une requête ReadProcessMemory ou WriteProcessMemory a été effectuée. (0x12B)
[0506/230732.492:WARNING:pe_image_reader.cc(340)] could not read dos header from C:\Windows\system32\MSASN1.dll
[0506/230732.492:ERROR:process_memory_win.cc(73)] ReadMemory at 0x7fee20e0000 of 64 bytes failed: Seule une partie d’une requête ReadProcessMemory ou WriteProcessMemory a été effectuée. (0x12B)
[0506/230732.492:WARNING:pe_image_reader.cc(340)] could not read dos header from C:\Windows\system32\UIAutomationCore.DLL
[0506/230732.492:ERROR:process_memory_win.cc(73)] ReadMemory at 0x76f50000 of 64 bytes failed: Seule une partie d’une requête ReadProcessMemory ou WriteProcessMemory a été effectuée. (0x12B)
[0506/230732.492:WARNING:pe_image_reader.cc(340)] could not read dos header from C:\Windows\system32\PSAPI.DLL
[0506/230732.492:ERROR:process_memory_win.cc(73)] ReadMemory at 0x7fefaa10000 of 64 bytes failed: Seule une partie d’une requête ReadProcessMemory ou WriteProcessMemory a été effectuée. (0x12B)
[0506/230732.492:WARNING:pe_image_reader.cc(340)] could not read dos header from C:\Windows\system32\OLEACC.dll
[0506/230732.492:ERROR:process_memory_win.cc(73)] ReadMemory at 0x7fedf010000 of 64 bytes failed: Seule une partie d’une requête ReadProcessMemory ou WriteProcessMemory a été effectuée. (0x12B)
[0506/230732.492:WARNING:pe_image_reader.cc(340)] could not read dos header from C:\Windows\system32\DWrite.dll
[0506/230732.492:ERROR:process_memory_win.cc(73)] ReadMemory at 0x7fef9460000 of 64 bytes failed: Seule une partie d’une requête ReadProcessMemory ou WriteProcessMemory a été effectuée. (0x12B)
[0506/230732.492:WARNING:pe_image_reader.cc(340)] could not read dos header from C:\Windows\system32\WINSPOOL.DRV
[0506/230732.492:ERROR:process_memory_win.cc(73)] ReadMemory at 0x7fef7d20000 of 64 bytes failed: Seule une partie d’une requête ReadProcessMemory ou WriteProcessMemory a été effectuée. (0x12B)
[0506/230732.492:WARNING:pe_image_reader.cc(340)] could not read dos header from C:\Windows\system32\dbghelp.dll
[0506/230732.492:ERROR:process_memory_win.cc(73)] ReadMemory at 0x7fef7fa0000 of 64 bytes failed: Seule une partie d’une requête ReadProcessMemory ou WriteProcessMemory a été effectuée. (0x12B)
[0506/230732.492:WARNING:pe_image_reader.cc(340)] could not read dos header from C:\Windows\system32\WINHTTP.dll
[0506/230732.492:ERROR:process_memory_win.cc(73)] ReadMemory at 0x7fef7f30000 of 64 bytes failed: Seule une partie d’une requête ReadProcessMemory ou WriteProcessMemory a été effectuée. (0x12B)
[0506/230732.492:WARNING:pe_image_reader.cc(340)] could not read dos header from C:\Windows\system32\webio.dll
[0506/230732.492:ERROR:process_memory_win.cc(73)] ReadMemory at 0x7fef9150000 of 64 bytes failed: Seule une partie d’une requête ReadProcessMemory ou WriteProcessMemory a été effectuée. (0x12B)
[0506/230732.492:WARNING:pe_image_reader.cc(340)] could not read dos header from C:\Windows\system32\dhcpcsvc.DLL
[0506/230732.492:ERROR:process_memory_win.cc(73)] ReadMemory at 0x7fefc9f0000 of 64 bytes failed: Seule une partie d’une requête ReadProcessMemory ou WriteProcessMemory a été effectuée. (0x12B)
[0506/230732.492:WARNING:pe_image_reader.cc(340)] could not read dos header from C:\Windows\system32\cryptbase.dll
[0506/230732.492:ERROR:process_memory_win.cc(73)] ReadMemory at 0x7fefb320000 of 64 bytes failed: Seule une partie d’une requête ReadProcessMemory ou WriteProcessMemory a été effectuée. (0x12B)
[0506/230732.492:WARNING:pe_image_reader.cc(340)] could not read dos header from C:\Windows\system32\uxtheme.dll
[0506/230732.492:ERROR:process_memory_win.cc(73)] ReadMemory at 0x13fed0000 of 64 bytes failed: Seule une partie d’une requête ReadProcessMemory ou WriteProcessMemory a été effectuée. (0x12B)
[0506/230732.492:WARNING:pe_image_reader.cc(340)] could not read dos header from C:\Program Files (x86)\Google\Chrome\Application\chrome.exe
[0506/230732.492:ERROR:process_memory_win.cc(73)] ReadMemory at 0x76d90000 of 64 bytes failed: Seule une partie d’une requête ReadProcessMemory ou WriteProcessMemory a été effectuée. (0x12B)
[0506/230732.492:WARNING:pe_image_reader.cc(340)] could not read dos header from C:\Windows\SYSTEM32\ntdll.dll
[0506/230732.493:ERROR:process_memory_win.cc(73)] ReadMemory at 0x76c70000 of 64 bytes failed: Seule une partie d’une requête ReadProcessMemory ou WriteProcessMemory a été effectuée. (0x12B)
[0506/230732.493:WARNING:pe_image_reader.cc(340)] could not read dos header from C:\Windows\system32\KERNEL32.dll
[0506/230732.493:ERROR:process_memory_win.cc(73)] ReadMemory at 0x7fefcb70000 of 64 bytes failed: Seule une partie d’une requête ReadProcessMemory ou WriteProcessMemory a été effectuée. (0x12B)
[0506/230732.493:WARNING:pe_image_reader.cc(340)] could not read dos header from C:\Windows\system32\KERNELBASE.dll
[0506/230732.493:ERROR:process_memory_win.cc(73)] ReadMemory at 0x7fec6700000 of 64 bytes failed: Seule une partie d’une requête ReadProcessMemory ou WriteProcessMemory a été effectuée. (0x12B)
[0506/230732.493:WARNING:pe_image_reader.cc(340)] could not read dos header from C:\Program Files (x86)\Google\Chrome\Application\81.0.4044.138\chrome_elf.dll
[0506/230732.493:ERROR:process_memory_win.cc(73)] ReadMemory at 0x7fefbca0000 of 64 bytes failed: Seule une partie d’une requête ReadProcessMemory ou WriteProcessMemory a été effectuée. (0x12B)
[0506/230732.493:WARNING:pe_image_reader.cc(340)] could not read dos header from C:\Windows\system32\VERSION.dll
[0506/230732.493:ERROR:process_memory_win.cc(73)] ReadMemory at 0x7fefd000000 of 64 bytes failed: Seule une partie d’une requête ReadProcessMemory ou WriteProcessMemory a été effectuée. (0x12B)
[0506/230732.493:WARNING:pe_image_reader.cc(340)] could not read dos header from C:\Windows\system32\msvcrt.dll
[0506/230732.493:ERROR:process_memory_win.cc(73)] ReadMemory at 0x7fef5160000 of 64 bytes failed: Seule une partie d’une requête ReadProcessMemory ou WriteProcessMemory a été effectuée. (0x12B)
[0506/230732.493:WARNING:pe_image_reader.cc(340)] could not read dos header from C:\Windows\system32\api-ms-win-core-synch-l1-2-0.DLL
[0506/230732.493:ERROR:process_memory_win.cc(73)] ReadMemory at 0x7fefed50000 of 64 bytes failed: Seule une partie d’une requête ReadProcessMemory ou WriteProcessMemory a été effectuée. (0x12B)
[0506/230732.493:WARNING:pe_image_reader.cc(340)] could not read dos header from C:\Windows\system32\GDI32.dll
[0506/230732.493:ERROR:process_memory_win.cc(73)] ReadMemory at 0x76b70000 of 64 bytes failed: Seule une partie d’une requête ReadProcessMemory ou WriteProcessMemory a été effectuée. (0x12B)
[0506/230732.493:WARNING:pe_image_reader.cc(340)] could not read dos header from C:\Windows\system32\USER32.dll
[0506/230732.493:ERROR:process_memory_win.cc(73)] ReadMemory at 0x7fefd0a0000 of 64 bytes failed: Seule une partie d’une requête ReadProcessMemory ou WriteProcessMemory a été effectuée. (0x12B)
[0506/230732.493:WARNING:pe_image_reader.cc(340)] could not read dos header from C:\Windows\system32\LPK.dll
[0506/230732.493:ERROR:process_memory_win.cc(73)] ReadMemory at 0x7fefd840000 of 64 bytes failed: Seule une partie d’une requête ReadProcessMemory ou WriteProcessMemory a été effectuée. (0x12B)
[0506/230732.493:WARNING:pe_image_reader.cc(340)] could not read dos header from C:\Windows\system32\USP10.dll
[0506/230732.493:ERROR:process_memory_win.cc(73)] ReadMemory at 0x7fefd0b0000 of 64 bytes failed: Seule une partie d’une requête ReadProcessMemory ou WriteProcessMemory a été effectuée. (0x12B)
[0506/230732.493:WARNING:pe_image_reader.cc(340)] could not read dos header from C:\Windows\system32\IMM32.DLL
[0506/230732.493:ERROR:process_memory_win.cc(73)] ReadMemory at 0x7fefd2c0000 of 64 bytes failed: Seule une partie d’une requête ReadProcessMemory ou WriteProcessMemory a été effectuée. (0x12B)
[0506/230732.493:WARNING:pe_image_reader.cc(340)] could not read dos header from C:\Windows\system32\MSCTF.dll
[0506/230732.493:ERROR:process_memory_win.cc(73)] ReadMemory at 0x7fefa6c0000 of 64 bytes failed: Seule une partie d’une requête ReadProcessMemory ou WriteProcessMemory a été effectuée. (0x12B)
[0506/230732.493:WARNING:pe_image_reader.cc(340)] could not read dos header from C:\Windows\system32\WINMM.dll
[0506/230732.493:ERROR:process_memory_win.cc(73)] ReadMemory at 0x7fefd520000 of 64 bytes failed: Seule une partie d’une requête ReadProcessMemory ou WriteProcessMemory a été effectuée. (0x12B)
[0506/230732.493:WARNING:pe_image_reader.cc(340)] could not read dos header from C:\Windows\system32\ADVAPI32.dll
[0506/230732.493:ERROR:process_memory_win.cc(73)] ReadMemory at 0x7fefd820000 of 64 bytes failed: Seule une partie d’une requête ReadProcessMemory ou WriteProcessMemory a été effectuée. (0x12B)
[0506/230732.493:WARNING:pe_image_reader.cc(340)] could not read dos header from C:\Windows\SYSTEM32\sechost.dll
[0506/230732.493:ERROR:process_memory_win.cc(73)] ReadMemory at 0x7fefd3d0000 of 64 bytes failed: Seule une partie d’une requête ReadProcessMemory ou WriteProcessMemory a été effectuée. (0x12B)
[0506/230732.493:WARNING:pe_image_reader.cc(340)] could not read dos header from C:\Windows\system32\RPCRT4.dll
[0506/230732.493:ERROR:process_memory_win.cc(73)] ReadMemory at 0x7feb8ce0000 of 64 bytes failed: Seule une partie d’une requête ReadProcessMemory ou WriteProcessMemory a été effectuée. (0x12B)
[0506/230732.493:WARNING:pe_image_reader.cc(340)] could not read dos header from C:\Program Files (x86)\Google\Chrome\Application\81.0.4044.138\chrome.dll
[0506/230732.493:ERROR:process_memory_win.cc(73)] ReadMemory at 0x7fefdb10000 of 64 bytes failed: Seule une partie d’une requête ReadProcessMemory ou WriteProcessMemory a été effectuée. (0x12B)
[0506/230732.493:WARNING:pe_image_reader.cc(340)] could not read dos header from C:\Windows\system32\WS2_32.dll
[0506/230732.493:ERROR:process_memory_win.cc(73)] ReadMemory at 0x7fefcf70000 of 64 bytes failed: Seule une partie d’une requête ReadProcessMemory ou WriteProcessMemory a été effectuée. (0x12B)
[0506/230732.494:WARNING:pe_image_reader.cc(340)] could not read dos header from C:\Windows\system32\NSI.dll
[0506/230732.494:ERROR:process_memory_win.cc(73)] ReadMemory at 0x7fefbcc0000 of 64 bytes failed: Seule une partie d’une requête ReadProcessMemory ou WriteProcessMemory a été effectuée. (0x12B)
[0506/230732.494:WARNING:pe_image_reader.cc(340)] could not read dos header from C:\Windows\system32\IPHLPAPI.DLL
[0506/230732.494:ERROR:process_memory_win.cc(73)] ReadMemory at 0x7fefbcb0000 of 64 bytes failed: Seule une partie d’une requête ReadProcessMemory ou WriteProcessMemory a été effectuée. (0x12B)
[0506/230732.494:WARNING:pe_image_reader.cc(340)] could not read dos header from C:\Windows\system32\WINNSI.DLL
[0506/230732.494:ERROR:process_memory_win.cc(73)] ReadMemory at 0x7fefd600000 of 64 bytes failed: Seule une partie d’une requête ReadProcessMemory ou WriteProcessMemory a été effectuée. (0x12B)
[0506/230732.494:WARNING:pe_image_reader.cc(340)] could not read dos header from C:\Windows\system32\OLEAUT32.dll
[0506/230732.494:ERROR:process_memory_win.cc(73)] ReadMemory at 0x7fefd910000 of 64 bytes failed: Seule une partie d’une requête ReadProcessMemory ou WriteProcessMemory a été effectuée. (0x12B)
[0506/230732.494:WARNING:pe_image_reader.cc(340)] could not read dos header from C:\Windows\system32\ole32.dll
[0506/230732.494:ERROR:process_memory_win.cc(73)] ReadMemory at 0x7fefc930000 of 64 bytes failed: Seule une partie d’une requête ReadProcessMemory ou WriteProcessMemory a été effectuée. (0x12B)
[0506/230732.494:WARNING:pe_image_reader.cc(340)] could not read dos header from C:\Windows\system32\Secur32.dll
[0506/230732.494:ERROR:process_memory_win.cc(73)] ReadMemory at 0x7fefc960000 of 64 bytes failed: Seule une partie d’une requête ReadProcessMemory ou WriteProcessMemory a été effectuée. (0x12B)
[0506/230732.494:WARNING:pe_image_reader.cc(340)] could not read dos header from C:\Windows\system32\SSPICLI.DLL
[0506/230732.494:ERROR:process_memory_win.cc(73)] ReadMemory at 0x7fefce00000 of 64 bytes failed: Seule une partie d’une requête ReadProcessMemory ou WriteProcessMemory a été effectuée. (0x12B)
[0506/230732.494:WARNING:pe_image_reader.cc(340)] could not read dos header from C:\Windows\system32\USERENV.dll
[0506/230732.494:ERROR:process_memory_win.cc(73)] ReadMemory at 0x7fefcb60000 of 64 bytes failed: Seule une partie d’une requête ReadProcessMemory ou WriteProcessMemory a été effectuée. (0x12B)
[0506/230732.494:WARNING:pe_image_reader.cc(340)] could not read dos header from C:\Windows\system32\profapi.dll
[0506/230732.494:ERROR:process_memory_win.cc(73)] ReadMemory at 0x7fefcdc0000 of 64 bytes failed: Seule une partie d’une requête ReadProcessMemory ou WriteProcessMemory a été effectuée. (0x12B)
[0506/230732.494:WARNING:pe_image_reader.cc(340)] could not read dos header from C:\Windows\system32\WINTRUST.dll
[0506/230732.494:ERROR:process_memory_win.cc(73)] ReadMemory at 0x7fefcbe0000 of 64 bytes failed: Seule une partie d’une requête ReadProcessMemory ou WriteProcessMemory a été effectuée. (0x12B)
[0506/230732.494:WARNING:pe_image_reader.cc(340)] could not read dos header from C:\Windows\system32\CRYPT32.dll
[0506/230732.494:ERROR:process_memory_win.cc(73)] ReadMemory at 0x7fefcb50000 of 64 bytes failed: Seule une partie d’une requête ReadProcessMemory ou WriteProcessMemory a été effectuée. (0x12B)
[0506/230732.494:WARNING:pe_image_reader.cc(340)] could not read dos header from C:\Windows\system32\MSASN1.dll
[0506/230732.494:ERROR:process_memory_win.cc(73)] ReadMemory at 0x7fee20e0000 of 64 bytes failed: Seule une partie d’une requête ReadProcessMemory ou WriteProcessMemory a été effectuée. (0x12B)
[0506/230732.494:WARNING:pe_image_reader.cc(340)] could not read dos header from C:\Windows\system32\UIAutomationCore.DLL
[0506/230732.494:ERROR:process_memory_win.cc(73)] ReadMemory at 0x76f50000 of 64 bytes failed: Seule une partie d’une requête ReadProcessMemory ou WriteProcessMemory a été effectuée. (0x12B)
[0506/230732.494:WARNING:pe_image_reader.cc(340)] could not read dos header from C:\Windows\system32\PSAPI.DLL
[0506/230732.494:ERROR:process_memory_win.cc(73)] ReadMemory at 0x7fefaa10000 of 64 bytes failed: Seule une partie d’une requête ReadProcessMemory ou WriteProcessMemory a été effectuée. (0x12B)
[0506/230732.494:WARNING:pe_image_reader.cc(340)] could not read dos header from C:\Windows\system32\OLEACC.dll
[0506/230732.495:ERROR:process_memory_win.cc(73)] ReadMemory at 0x7fedf010000 of 64 bytes failed: Seule une partie d’une requête ReadProcessMemory ou WriteProcessMemory a été effectuée. (0x12B)
[0506/230732.495:WARNING:pe_image_reader.cc(340)] could not read dos header from C:\Windows\system32\DWrite.dll
[0506/230732.495:ERROR:process_memory_win.cc(73)] ReadMemory at 0x7fef9460000 of 64 bytes failed: Seule une partie d’une requête ReadProcessMemory ou WriteProcessMemory a été effectuée. (0x12B)
[0506/230732.495:WARNING:pe_image_reader.cc(340)] could not read dos header from C:\Windows\system32\WINSPOOL.DRV
[0506/230732.495:ERROR:process_memory_win.cc(73)] ReadMemory at 0x7fef7d20000 of 64 bytes failed: Seule une partie d’une requête ReadProcessMemory ou WriteProcessMemory a été effectuée. (0x12B)
[0506/230732.495:WARNING:pe_image_reader.cc(340)] could not read dos header from C:\Windows\system32\dbghelp.dll
[0506/230732.495:ERROR:process_memory_win.cc(73)] ReadMemory at 0x7fef7fa0000 of 64 bytes failed: Seule une partie d’une requête ReadProcessMemory ou WriteProcessMemory a été effectuée. (0x12B)
[0506/230732.495:WARNING:pe_image_reader.cc(340)] could not read dos header from C:\Windows\system32\WINHTTP.dll
[0506/230732.495:ERROR:process_memory_win.cc(73)] ReadMemory at 0x7fef7f30000 of 64 bytes failed: Seule une partie d’une requête ReadProcessMemory ou WriteProcessMemory a été effectuée. (0x12B)
[0506/230732.495:WARNING:pe_image_reader.cc(340)] could not read dos header from C:\Windows\system32\webio.dll
[0506/230732.495:ERROR:process_memory_win.cc(73)] ReadMemory at 0x7fef9150000 of 64 bytes failed: Seule une partie d’une requête ReadProcessMemory ou WriteProcessMemory a été effectuée. (0x12B)
[0506/230732.495:WARNING:pe_image_reader.cc(340)] could not read dos header from C:\Windows\system32\dhcpcsvc.DLL
[0506/230732.495:ERROR:process_memory_win.cc(73)] ReadMemory at 0x7fefc9f0000 of 64 bytes failed: Seule une partie d’une requête ReadProcessMemory ou WriteProcessMemory a été effectuée. (0x12B)
[0506/230732.495:WARNING:pe_image_reader.cc(340)] could not read dos header from C:\Windows\system32\cryptbase.dll
[0506/230732.495:ERROR:process_memory_win.cc(73)] ReadMemory at 0x7fefb320000 of 64 bytes failed: Seule une partie d’une requête ReadProcessMemory ou WriteProcessMemory a été effectuée. (0x12B)
[0506/230732.495:WARNING:pe_image_reader.cc(340)] could not read dos header from C:\Windows\system32\uxtheme.dll
[0506/230732.502:ERROR:process_memory_win.cc(73)] ReadMemory at 0x90b000 of 20480 bytes failed: Seule une partie d’une requête ReadProcessMemory ou WriteProcessMemory a été effectuée. (0x12B)
[0506/230732.502:ERROR:process_memory_win.cc(73)] ReadMemory at 0x392d000 of 12288 bytes failed: Seule une partie d’une requête ReadProcessMemory ou WriteProcessMemory a été effectuée. (0x12B)
[0506/230732.502:ERROR:process_memory_win.cc(73)] ReadMemory at 0x417d000 of 12288 bytes failed: Seule une partie d’une requête ReadProcessMemory ou WriteProcessMemory a été effectuée. (0x12B)
[0506/230732.503:ERROR:process_memory_win.cc(73)] ReadMemory at 0x4a1c000 of 16384 bytes failed: Seule une partie d’une requête ReadProcessMemory ou WriteProcessMemory a été effectuée. (0x12B)
[0506/230732.503:ERROR:process_memory_win.cc(73)] ReadMemory at 0x53ec000 of 16384 bytes failed: Seule une partie d’une requête ReadProcessMemory ou WriteProcessMemory a été effectuée. (0x12B)
[0506/230732.503:ERROR:process_memory_win.cc(73)] ReadMemory at 0x5c7f000 of 4096 bytes failed: Seule une partie d’une requête ReadProcessMemory ou WriteProcessMemory a été effectuée. (0x12B)
[0506/230732.503:ERROR:process_memory_win.cc(73)] ReadMemory at 0x665e000 of 8192 bytes failed: Seule une partie d’une requête ReadProcessMemory ou WriteProcessMemory a été effectuée. (0x12B)
[0506/230732.503:ERROR:process_memory_win.cc(73)] ReadMemory at 0x704d000 of 12288 bytes failed: Seule une partie d’une requête ReadProcessMemory ou WriteProcessMemory a été effectuée. (0x12B)
[0506/230732.503:ERROR:process_memory_win.cc(73)] ReadMemory at 0x7a0d000 of 12288 bytes failed: Seule une partie d’une requête ReadProcessMemory ou WriteProcessMemory a été effectuée. (0x12B)
[0506/230732.503:ERROR:process_memory_win.cc(73)] ReadMemory at 0x824d000 of 12288 bytes failed: Seule une partie d’une requête ReadProcessMemory ou WriteProcessMemory a été effectuée. (0x12B)
[0506/230732.503:ERROR:process_memory_win.cc(73)] ReadMemory at 0x8b6d000 of 12288 bytes failed: Seule une partie d’une requête ReadProcessMemory ou WriteProcessMemory a été effectuée. (0x12B)
[0506/230732.503:ERROR:process_memory_win.cc(73)] ReadMemory at 0x96ed000 of 12288 bytes failed: Seule une partie d’une requête ReadProcessMemory ou WriteProcessMemory a été effectuée. (0x12B)
[0506/230732.503:ERROR:process_memory_win.cc(73)] ReadMemory at 0x9f1e000 of 8192 bytes failed: Seule une partie d’une requête ReadProcessMemory ou WriteProcessMemory a été effectuée. (0x12B)
[0506/230732.503:ERROR:process_memory_win.cc(73)] ReadMemory at 0xaa7e000 of 8192 bytes failed: Seule une partie d’une requête ReadProcessMemory ou WriteProcessMemory a été effectuée. (0x12B)
[0506/230732.503:ERROR:process_memory_win.cc(73)] ReadMemory at 0x7adaa of 512 bytes failed: Seule une partie d’une requête ReadProcessMemory ou WriteProcessMemory a été effectuée. (0x12B)
[0506/230732.503:ERROR:process_memory_win.cc(73)] ReadMemory at 0x9a1320 of 3936 bytes failed: Seule une partie d’une requête ReadProcessMemory ou WriteProcessMemory a été effectuée. (0x12B)
[0506/230732.503:ERROR:process_memory_win.cc(73)] ReadMemory at 0x9a2290 of 1012 bytes failed: Seule une partie d’une requête ReadProcessMemory ou WriteProcessMemory a été effectuée. (0x12B)
[0506/230732.504:ERROR:process_memory_win.cc(73)] ReadMemory at 0x9a2898 of 1086 bytes failed: Seule une partie d’une requête ReadProcessMemory ou WriteProcessMemory a été effectuée. (0x12B)
[0506/230732.504:ERROR:process_memory_win.cc(73)] ReadMemory at 0x9a2cd8 of 118 bytes failed: Seule une partie d’une requête ReadProcessMemory ou WriteProcessMemory a été effectuée. (0x12B)
[0506/230732.504:ERROR:process_memory_win.cc(73)] ReadMemory at 0x9a2d50 of 666 bytes failed: Seule une partie d’une requête ReadProcessMemory ou WriteProcessMemory a été effectuée. (0x12B)
[0506/230732.504:ERROR:process_memory_win.cc(73)] ReadMemory at 0x9a2fec of 118 bytes failed: Seule une partie d’une requête ReadProcessMemory ou WriteProcessMemory a été effectuée. (0x12B)
[0506/230732.504:ERROR:process_memory_win.cc(73)] ReadMemory at 0x9a3064 of 96 bytes failed: Seule une partie d’une requête ReadProcessMemory ou WriteProcessMemory a été effectuée. (0x12B)
[0506/230732.504:ERROR:process_memory_win.cc(73)] ReadMemory at 0x9a30d0 of 58 bytes failed: Seule une partie d’une requête ReadProcessMemory ou WriteProcessMemory a été effectuée. (0x12B)
[0506/230732.504:ERROR:process_memory_win.cc(73)] ReadMemory at 0x9a3160 of 132 bytes failed: Seule une partie d’une requête ReadProcessMemory ou WriteProcessMemory a été effectuée. (0x12B)
[0506/230732.504:ERROR:process_memory_win.cc(73)] ReadMemory at 0x9a3250 of 132 bytes failed: Seule une partie d’une requête ReadProcessMemory ou WriteProcessMemory a été effectuée. (0x12B)
[0506/230732.504:ERROR:process_memory_win.cc(73)] ReadMemory at 0x9a3368 of 126 bytes failed: Seule une partie d’une requête ReadProcessMemory ou WriteProcessMemory a été effectuée. (0x12B)
[0506/230732.504:ERROR:process_memory_win.cc(73)] ReadMemory at 0x9a3680 of 64 bytes failed: Seule une partie d’une requête ReadProcessMemory ou WriteProcessMemory a été effectuée. (0x12B)
[0506/230732.504:ERROR:process_memory_win.cc(73)] ReadMemory at 0x9a36d0 of 132 bytes failed: Seule une partie d’une requête ReadProcessMemory ou WriteProcessMemory a été effectuée. (0x12B)
[0506/230732.504:ERROR:process_memory_win.cc(73)] ReadMemory at 0x9a37f0 of 68 bytes failed: Seule une partie d’une requête ReadProcessMemory ou WriteProcessMemory a été effectuée. (0x12B)
[0506/230732.504:ERROR:process_memory_win.cc(73)] ReadMemory at 0x9a39e0 of 132 bytes failed: Seule une partie d’une requête ReadProcessMemory ou WriteProcessMemory a été effectuée. (0x12B)
[0506/230732.504:ERROR:process_memory_win.cc(73)] ReadMemory at 0x9ba5b0 of 62 bytes failed: Seule une partie d’une requête ReadProcessMemory ou WriteProcessMemory a été effectuée. (0x12B)
[0506/230732.504:ERROR:process_memory_win.cc(73)] ReadMemory at 0x9ba600 of 132 bytes failed: Seule une partie d’une requête ReadProcessMemory ou WriteProcessMemory a été effectuée. (0x12B)
[0506/230732.504:ERROR:process_memory_win.cc(73)] ReadMemory at 0x9ba7b0 of 154 bytes failed: Seule une partie d’une requête ReadProcessMemory ou WriteProcessMemory a été effectuée. (0x12B)
[0506/230732.504:ERROR:process_memory_win.cc(73)] ReadMemory at 0x9ba860 of 132 bytes failed: Seule une partie d’une requête ReadProcessMemory ou WriteProcessMemory a été effectuée. (0x12B)
[0506/230732.504:ERROR:process_memory_win.cc(73)] ReadMemory at 0x9ba9a0 of 60 bytes failed: Seule une partie d’une requête ReadProcessMemory ou WriteProcessMemory a été effectuée. (0x12B)
[0506/230732.505:ERROR:process_memory_win.cc(73)] ReadMemory at 0x9bbec0 of 132 bytes failed: Seule une partie d’une requête ReadProcessMemory ou WriteProcessMemory a été effectuée. (0x12B)
[0506/230732.505:ERROR:process_memory_win.cc(73)] ReadMemory at 0x9bc030 of 64 bytes failed: Seule une partie d’une requête ReadProcessMemory ou WriteProcessMemory a été effectuée. (0x12B)
[0506/230732.505:ERROR:process_memory_win.cc(73)] ReadMemory at 0x9bc080 of 58 bytes failed: Seule une partie d’une requête ReadProcessMemory ou WriteProcessMemory a été effectuée. (0x12B)
[0506/230732.505:ERROR:process_memory_win.cc(73)] ReadMemory at 0x9bc0d0 of 58 bytes failed: Seule une partie d’une requête ReadProcessMemory ou WriteProcessMemory a été effectuée. (0x12B)
[0506/230732.505:ERROR:process_memory_win.cc(73)] ReadMemory at 0x9bc120 of 60 bytes failed: Seule une partie d’une requête ReadProcessMemory ou WriteProcessMemory a été effectuée. (0x12B)
[0506/230732.505:ERROR:process_memory_win.cc(73)] ReadMemory at 0x9bc170 of 58 bytes failed: Seule une partie d’une requête ReadProcessMemory ou WriteProcessMemory a été effectuée. (0x12B)
[0506/230732.505:ERROR:process_memory_win.cc(73)] ReadMemory at 0x9bc1c0 of 62 bytes failed: Seule une partie d’une requête ReadProcessMemory ou WriteProcessMemory a été effectuée. (0x12B)
[0506/230732.505:ERROR:process_memory_win.cc(73)] ReadMemory at 0x9bc210 of 58 bytes failed: Seule une partie d’une requête ReadProcessMemory ou WriteProcessMemory a été effectuée. (0x12B)
[0506/230732.505:ERROR:process_memory_win.cc(73)] ReadMemory at 0x9bc260 of 58 bytes failed: Seule une partie d’une requête ReadProcessMemory ou WriteProcessMemory a été effectuée. (0x12B)
[0506/230732.505:ERROR:process_memory_win.cc(73)] ReadMemory at 0x9bc2b0 of 60 bytes failed: Seule une partie d’une requête ReadProcessMemory ou WriteProcessMemory a été effectuée. (0x12B)
[0506/230732.505:ERROR:process_memory_win.cc(73)] ReadMemory at 0x9bc300 of 60 bytes failed: Seule une partie d’une requête ReadProcessMemory ou WriteProcessMemory a été effectuée. (0x12B)
[0506/230732.505:ERROR:process_memory_win.cc(73)] ReadMemory at 0x9bc350 of 64 bytes failed: Seule une partie d’une requête ReadProcessMemory ou WriteProcessMemory a été effectuée. (0x12B)
[0506/230732.505:ERROR:process_memory_win.cc(73)] ReadMemory at 0x9bc3a0 of 60 bytes failed: Seule une partie d’une requête ReadProcessMemory ou WriteProcessMemory a été effectuée. (0x12B)
[0506/230732.505:ERROR:process_memory_win.cc(73)] ReadMemory at 0x9bc3f0 of 64 bytes failed: Seule une partie d’une requête ReadProcessMemory ou WriteProcessMemory a été effectuée. (0x12B)
[0506/230732.505:ERROR:process_memory_win.cc(73)] ReadMemory at 0x9bc440 of 58 bytes failed: Seule une partie d’une requête ReadProcessMemory ou WriteProcessMemory a été effectuée. (0x12B)
[0506/230732.505:ERROR:process_memory_win.cc(73)] ReadMemory at 0x9bc490 of 62 bytes failed: Seule une partie d’une requête ReadProcessMemory ou WriteProcessMemory a été effectuée. (0x12B)
[0506/230732.505:ERROR:process_memory_win.cc(73)] ReadMemory at 0x9bc4e0 of 62 bytes failed: Seule une partie d’une requête ReadProcessMemory ou WriteProcessMemory a été effectuée. (0x12B)
[0506/230732.505:ERROR:process_memory_win.cc(73)] ReadMemory at 0x9bc530 of 62 bytes failed: Seule une partie d’une requête ReadProcessMemory ou WriteProcessMemory a été effectuée. (0x12B)
[0506/230732.505:ERROR:process_memory_win.cc(73)] ReadMemory at 0x9bc580 of 62 bytes failed: Seule une partie d’une requête ReadProcessMemory ou WriteProcessMemory a été effectuée. (0x12B)
[0506/230732.506:ERROR:process_memory_win.cc(73)] ReadMemory at 0x9bc5d0 of 64 bytes failed: Seule une partie d’une requête ReadProcessMemory ou WriteProcessMemory a été effectuée. (0x12B)
[0506/230732.506:ERROR:process_memory_win.cc(73)] ReadMemory at 0x9bc620 of 62 bytes failed: Seule une partie d’une requête ReadProcessMemory ou WriteProcessMemory a été effectuée. (0x12B)
[0506/230732.506:ERROR:process_memory_win.cc(73)] ReadMemory at 0x9bc670 of 60 bytes failed: Seule une partie d’une requête ReadProcessMemory ou WriteProcessMemory a été effectuée. (0x12B)
[0506/230732.506:ERROR:process_memory_win.cc(73)] ReadMemory at 0x9bc6c0 of 58 bytes failed: Seule une partie d’une requête ReadProcessMemory ou WriteProcessMemory a été effectuée. (0x12B)
[0506/230732.506:ERROR:process_memory_win.cc(73)] ReadMemory at 0x9bc710 of 60 bytes failed: Seule une partie d’une requête ReadProcessMemory ou WriteProcessMemory a été effectuée. (0x12B)
[0506/230732.535:ERROR:process_memory_win.cc(73)] ReadMemory at 0x9bc760 of 60 bytes failed: Seule une partie d’une requête ReadProcessMemory ou WriteProcessMemory a été effectuée. (0x12B)
[0506/230732.536:ERROR:process_memory_win.cc(73)] ReadMemory at 0x9bc7b0 of 64 bytes failed: Seule une partie d’une requête ReadProcessMemory ou WriteProcessMemory a été effectuée. (0x12B)
[0506/230732.536:ERROR:process_memory_win.cc(73)] ReadMemory at 0x9bc800 of 62 bytes failed: Seule une partie d’une requête ReadProcessMemory ou WriteProcessMemory a été effectuée. (0x12B)
[0506/230732.536:ERROR:process_memory_win.cc(73)] ReadMemory at 0x9bc850 of 62 bytes failed: Seule une partie d’une requête ReadProcessMemory ou WriteProcessMemory a été effectuée. (0x12B)
[0506/230732.536:ERROR:process_memory_win.cc(73)] ReadMemory at 0x9bc8a0 of 58 bytes failed: Seule une partie d’une requête ReadProcessMemory ou WriteProcessMemory a été effectuée. (0x12B)
[0506/230732.536:ERROR:process_memory_win.cc(73)] ReadMemory at 0x9bc8f0 of 64 bytes failed: Seule une partie d’une requête ReadProcessMemory ou WriteProcessMemory a été effectuée. (0x12B)
[0506/230732.536:ERROR:process_memory_win.cc(73)] ReadMemory at 0x9bdd60 of 146 bytes failed: Seule une partie d’une requête ReadProcessMemory ou WriteProcessMemory a été effectuée. (0x12B)
[0506/230732.536:ERROR:process_memory_win.cc(73)] ReadMemory at 0x9bde90 of 104 bytes failed: Seule une partie d’une requête ReadProcessMemory ou WriteProcessMemory a été effectuée. (0x12B)
[0506/230732.536:ERROR:process_memory_win.cc(73)] ReadMemory at 0x9bdf10 of 132 bytes failed: Seule une partie d’une requête ReadProcessMemory ou WriteProcessMemory a été effectuée. (0x12B)
[0506/230732.536:ERROR:process_memory_win.cc(73)] ReadMemory at 0x9c09e0 of 54 bytes failed: Seule une partie d’une requête ReadProcessMemory ou WriteProcessMemory a été effectuée. (0x12B)
[0506/230732.536:ERROR:process_memory_win.cc(73)] ReadMemory at 0x9c0b60 of 132 bytes failed: Seule une partie d’une requête ReadProcessMemory ou WriteProcessMemory a été effectuée. (0x12B)
[0506/230732.536:ERROR:process_memory_win.cc(73)] ReadMemory at 0x9c0e10 of 132 bytes failed: Seule une partie d’une requête ReadProcessMemory ou WriteProcessMemory a été effectuée. (0x12B)
[0506/230732.536:ERROR:process_memory_win.cc(73)] ReadMemory at 0x9c0f00 of 132 bytes failed: Seule une partie d’une requête ReadProcessMemory ou WriteProcessMemory a été effectuée. (0x12B)
[0506/230732.536:ERROR:process_memory_win.cc(73)] ReadMemory at 0x9c0ff0 of 132 bytes failed: Seule une partie d’une requête ReadProcessMemory ou WriteProcessMemory a été effectuée. (0x12B)
[0506/230732.536:ERROR:process_memory_win.cc(73)] ReadMemory at 0x9c2b10 of 132 bytes failed: Seule une partie d’une requête ReadProcessMemory ou WriteProcessMemory a été effectuée. (0x12B)
[0506/230732.536:ERROR:process_memory_win.cc(73)] ReadMemory at 0x9c2c30 of 132 bytes failed: Seule une partie d’une requête ReadProcessMemory ou WriteProcessMemory a été effectuée. (0x12B)
[0506/230732.536:ERROR:process_memory_win.cc(73)] ReadMemory at 0x9c2d20 of 132 bytes failed: Seule une partie d’une requête ReadProcessMemory ou WriteProcessMemory a été effectuée. (0x12B)
[0506/230732.536:ERROR:process_memory_win.cc(73)] ReadMemory at 0x9c2e10 of 132 bytes failed: Seule une partie d’une requête ReadProcessMemory ou WriteProcessMemory a été effectuée. (0x12B)
[0506/230732.536:ERROR:process_memory_win.cc(73)] ReadMemory at 0x9c2f00 of 132 bytes failed: Seule une partie d’une requête ReadProcessMemory ou WriteProcessMemory a été effectuée. (0x12B)
[0506/230732.536:ERROR:process_memory_win.cc(73)] ReadMemory at 0x9c2ff0 of 132 bytes failed: Seule une partie d’une requête ReadProcessMemory ou WriteProcessMemory a été effectuée. (0x12B)
[0506/230732.537:ERROR:process_memory_win.cc(73)] ReadMemory at 0x9c30e0 of 132 bytes failed: Seule une partie d’une requête ReadProcessMemory ou WriteProcessMemory a été effectuée. (0x12B)
[0506/230732.537:ERROR:process_memory_win.cc(73)] ReadMemory at 0x9c31d0 of 132 bytes failed: Seule une partie d’une requête ReadProcessMemory ou WriteProcessMemory a été effectuée. (0x12B)
[0506/230732.537:ERROR:process_memory_win.cc(73)] ReadMemory at 0x9c32c0 of 132 bytes failed: Seule une partie d’une requête ReadProcessMemory ou WriteProcessMemory a été effectuée. (0x12B)
[0506/230732.537:ERROR:process_memory_win.cc(73)] ReadMemory at 0x9c33b0 of 132 bytes failed: Seule une partie d’une requête ReadProcessMemory ou WriteProcessMemory a été effectuée. (0x12B)
[0506/230732.552:ERROR:process_memory_win.cc(73)] ReadMemory at 0x9c34a0 of 132 bytes failed: Seule une partie d’une requête ReadProcessMemory ou WriteProcessMemory a été effectuée. (0x12B)
[0506/230732.552:ERROR:process_memory_win.cc(73)] ReadMemory at 0x9c3590 of 132 bytes failed: Seule une partie d’une requête ReadProcessMemory ou WriteProcessMemory a été effectuée. (0x12B)
[0506/230732.553:ERROR:process_memory_win.cc(73)] ReadMemory at 0x9c3680 of 132 bytes failed: Seule une partie d’une requête ReadProcessMemory ou WriteProcessMemory a été effectuée. (0x12B)
[0506/230732.553:ERROR:process_memory_win.cc(73)] ReadMemory at 0x9c3770 of 132 bytes failed: Seule une partie d’une requête ReadProcessMemory ou WriteProcessMemory a été effectuée. (0x12B)
[0506/230732.553:ERROR:process_memory_win.cc(73)] ReadMemory at 0x9c3860 of 132 bytes failed: Seule une partie d’une requête ReadProcessMemory ou WriteProcessMemory a été effectuée. (0x12B)
[0506/230732.553:ERROR:process_memory_win.cc(73)] ReadMemory at 0x9c3950 of 132 bytes failed: Seule une partie d’une requête ReadProcessMemory ou WriteProcessMemory a été effectuée. (0x12B)
[0506/230732.553:ERROR:process_memory_win.cc(73)] ReadMemory at 0x9c3a40 of 132 bytes failed: Seule une partie d’une requête ReadProcessMemory ou WriteProcessMemory a été effectuée. (0x12B)
[0506/230732.553:ERROR:process_memory_win.cc(73)] ReadMemory at 0x9c3b30 of 132 bytes failed: Seule une partie d’une requête ReadProcessMemory ou WriteProcessMemory a été effectuée. (0x12B)
[0506/230732.553:ERROR:process_memory_win.cc(73)] ReadMemory at 0x9c3c20 of 132 bytes failed: Seule une partie d’une requête ReadProcessMemory ou WriteProcessMemory a été effectuée. (0x12B)
[0506/230732.553:ERROR:process_memory_win.cc(73)] ReadMemory at 0x9c3d10 of 132 bytes failed: Seule une partie d’une requête ReadProcessMemory ou WriteProcessMemory a été effectuée. (0x12B)
[0506/230732.553:ERROR:process_memory_win.cc(73)] ReadMemory at 0x9c3e00 of 132 bytes failed: Seule une partie d’une requête ReadProcessMemory ou WriteProcessMemory a été effectuée. (0x12B)
[0506/230732.553:ERROR:process_memory_win.cc(73)] ReadMemory at 0x9c3ef0 of 132 bytes failed: Seule une partie d’une requête ReadProcessMemory ou WriteProcessMemory a été effectuée. (0x12B)
[0506/230732.553:ERROR:process_memory_win.cc(73)] ReadMemory at 0x9c3fe0 of 132 bytes failed: Seule une partie d’une requête ReadProcessMemory ou WriteProcessMemory a été effectuée. (0x12B)
[0506/230732.553:ERROR:process_memory_win.cc(73)] ReadMemory at 0x9c40d0 of 132 bytes failed: Seule une partie d’une requête ReadProcessMemory ou WriteProcessMemory a été effectuée. (0x12B)
[0506/230732.553:ERROR:process_memory_win.cc(73)] ReadMemory at 0x9c41c0 of 132 bytes failed: Seule une partie d’une requête ReadProcessMemory ou WriteProcessMemory a été effectuée. (0x12B)
[0506/230732.553:ERROR:process_memory_win.cc(73)] ReadMemory at 0x9c42b0 of 132 bytes failed: Seule une partie d’une requête ReadProcessMemory ou WriteProcessMemory a été effectuée. (0x12B)
[0506/230732.554:ERROR:process_memory_win.cc(73)] ReadMemory at 0x9c43a0 of 132 bytes failed: Seule une partie d’une requête ReadProcessMemory ou WriteProcessMemory a été effectuée. (0x12B)
[0506/230732.554:ERROR:process_memory_win.cc(73)] ReadMemory at 0x9c4490 of 132 bytes failed: Seule une partie d’une requête ReadProcessMemory ou WriteProcessMemory a été effectuée. (0x12B)
[0506/230732.554:ERROR:process_memory_win.cc(73)] ReadMemory at 0x9c4580 of 132 bytes failed: Seule une partie d’une requête ReadProcessMemory ou WriteProcessMemory a été effectuée. (0x12B)
[0506/230732.554:ERROR:process_memory_win.cc(73)] ReadMemory at 0x9c46e0 of 512 bytes failed: Seule une partie d’une requête ReadProcessMemory ou WriteProcessMemory a été effectuée. (0x12B)
[0506/230732.554:ERROR:process_memory_win.cc(73)] ReadMemory at 0x9c4940 of 132 bytes failed: Seule une partie d’une requête ReadProcessMemory ou WriteProcessMemory a été effectuée. (0x12B)
[0506/230732.554:ERROR:process_memory_win.cc(73)] ReadMemory at 0x9c8aa0 of 54 bytes failed: Seule une partie d’une requête ReadProcessMemory ou WriteProcessMemory a été effectuée. (0x12B)
[0506/230732.554:ERROR:process_memory_win.cc(73)] ReadMemory at 0x9ca5e0 of 80 bytes failed: Seule une partie d’une requête ReadProcessMemory ou WriteProcessMemory a été effectuée. (0x12B)
[0506/230732.554:ERROR:process_memory_win.cc(73)] ReadMemory at 0x9d61d0 of 66 bytes failed: Seule une partie d’une requête ReadProcessMemory ou WriteProcessMemory a été effectuée. (0x12B)
[0506/230732.555:ERROR:process_memory_win.cc(73)] ReadMemory at 0x9e52a0 of 512 bytes failed: Seule une partie d’une requête ReadProcessMemory ou WriteProcessMemory a été effectuée. (0x12B)
[0506/230732.555:ERROR:process_memory_win.cc(73)] ReadMemory at 0xba0000 of 384 bytes failed: Seule une partie d’une requête ReadProcessMemory ou WriteProcessMemory a été effectuée. (0x12B)
[0506/230732.555:ERROR:process_memory_win.cc(73)] ReadMemory at 0xfa5660 of 512 bytes failed: Seule une partie d’une requête ReadProcessMemory ou WriteProcessMemory a été effectuée. (0x12B)
[0506/230732.555:ERROR:process_memory_win.cc(73)] ReadMemory at 0x14c9440 of 512 bytes failed: Seule une partie d’une requête ReadProcessMemory ou WriteProcessMemory a été effectuée. (0x12B)
[0506/230732.555:ERROR:process_memory_win.cc(73)] ReadMemory at 0x1690000 of 384 bytes failed: Seule une partie d’une requête ReadProcessMemory ou WriteProcessMemory a été effectuée. (0x12B)
[0506/230732.555:ERROR:process_memory_win.cc(73)] ReadMemory at 0x1698e30 of 512 bytes failed: Seule une partie d’une requête ReadProcessMemory ou WriteProcessMemory a été effectuée. (0x12B)
[0506/230732.555:ERROR:process_memory_win.cc(73)] ReadMemory at 0x16ecca0 of 512 bytes failed: Seule une partie d’une requête ReadProcessMemory ou WriteProcessMemory a été effectuée. (0x12B)
[0506/230732.555:ERROR:process_memory_win.cc(73)] ReadMemory at 0x16eefa0 of 512 bytes failed: Seule une partie d’une requête ReadProcessMemory ou WriteProcessMemory a été effectuée. (0x12B)
[0506/230732.555:ERROR:process_memory_win.cc(73)] ReadMemory at 0x16efc70 of 512 bytes failed: Seule une partie d’une requête ReadProcessMemory ou WriteProcessMemory a été effectuée. (0x12B)
[0506/230732.555:ERROR:process_memory_win.cc(73)] ReadMemory at 0x16f1770 of 512 bytes failed: Seule une partie d’une requête ReadProcessMemory ou WriteProcessMemory a été effectuée. (0x12B)
[0506/230732.555:ERROR:process_memory_win.cc(73)] ReadMemory at 0x1708680 of 688 bytes failed: Seule une partie d’une requête ReadProcessMemory ou WriteProcessMemory a été effectuée. (0x12B)
[0506/230732.555:ERROR:process_memory_win.cc(73)] ReadMemory at 0x1709940 of 512 bytes failed: Seule une partie d’une requête ReadProcessMemory ou WriteProcessMemory a été effectuée. (0x12B)
[0506/230732.555:ERROR:process_memory_win.cc(73)] ReadMemory at 0x170b1c0 of 512 bytes failed: Seule une partie d’une requête ReadProcessMemory ou WriteProcessMemory a été effectuée. (0x12B)
[0506/230732.555:ERROR:process_memory_win.cc(73)] ReadMemory at 0x1c9c300 of 512 bytes failed: Seule une partie d’une requête ReadProcessMemory ou WriteProcessMemory a été effectuée. (0x12B)
[0506/230732.555:ERROR:process_memory_win.cc(73)] ReadMemory at 0x2ed59f8 of 512 bytes failed: Seule une partie d’une requête ReadProcessMemory ou WriteProcessMemory a été effectuée. (0x12B)
[0506/230732.555:ERROR:process_memory_win.cc(73)] ReadMemory at 0x2ee6f30 of 512 bytes failed: Seule une partie d’une requête ReadProcessMemory ou WriteProcessMemory a été effectuée. (0x12B)
[0506/230732.555:ERROR:process_memory_win.cc(73)] ReadMemory at 0x2eff500 of 512 bytes failed: Seule une partie d’une requête ReadProcessMemory ou WriteProcessMemory a été effectuée. (0x12B)
[0506/230732.555:ERROR:process_memory_win.cc(73)] ReadMemory at 0x2f06050 of 512 bytes failed: Seule une partie d’une requête ReadProcessMemory ou WriteProcessMemory a été effectuée. (0x12B)
[0506/230732.555:ERROR:process_memory_win.cc(73)] ReadMemory at 0x2f9f9f0 of 512 bytes failed: Seule une partie d’une requête ReadProcessMemory ou WriteProcessMemory a été effectuée. (0x12B)
[0506/230732.556:ERROR:process_memory_win.cc(73)] ReadMemory at 0x2fb8b30 of 512 bytes failed: Seule une partie d’une requête ReadProcessMemory ou WriteProcessMemory a été effectuée. (0x12B)
[0506/230732.556:ERROR:process_memory_win.cc(73)] ReadMemory at 0x2fba410 of 640 bytes failed: Seule une partie d’une requête ReadProcessMemory ou WriteProcessMemory a été effectuée. (0x12B)
[0506/230732.556:ERROR:process_memory_win.cc(73)] ReadMemory at 0x2fba6e0 of 528 bytes failed: Seule une partie d’une requête ReadProcessMemory ou WriteProcessMemory a été effectuée. (0x12B)
[0506/230732.556:ERROR:process_memory_win.cc(73)] ReadMemory at 0x2fc1bf0 of 656 bytes failed: Seule une partie d’une requête ReadProcessMemory ou WriteProcessMemory a été effectuée. (0x12B)
[0506/230732.556:ERROR:process_memory_win.cc(73)] ReadMemory at 0x9f25d90 of 512 bytes failed: Seule une partie d’une requête ReadProcessMemory ou WriteProcessMemory a été effectuée. (0x12B)
[0506/230732.556:ERROR:process_memory_win.cc(73)] ReadMemory at 0x76daa200 of 512 bytes failed: Seule une partie d’une requête ReadProcessMemory ou WriteProcessMemory a été effectuée. (0x12B)
[0506/230732.556:ERROR:process_memory_win.cc(73)] ReadMemory at 0x76daf670 of 512 bytes failed: Seule une partie d’une requête ReadProcessMemory ou WriteProcessMemory a été effectuée. (0x12B)
[0506/230732.556:ERROR:process_memory_win.cc(73)] ReadMemory at 0x76ddbcfa of 592 bytes failed: Seule une partie d’une requête ReadProcessMemory ou WriteProcessMemory a été effectuée. (0x12B)
[0506/230732.556:ERROR:process_memory_win.cc(73)] ReadMemory at 0x76ddc26a of 512 bytes failed: Seule une partie d’une requête ReadProcessMemory ou WriteProcessMemory a été effectuée. (0x12B)
[0506/230732.556:ERROR:process_memory_win.cc(73)] ReadMemory at 0x76ddd5aa of 528 bytes failed: Seule une partie d’une requête ReadProcessMemory ou WriteProcessMemory a été effectuée. (0x12B)
[0506/230732.556:ERROR:process_memory_win.cc(73)] ReadMemory at 0x76e8f460 of 800 bytes failed: Seule une partie d’une requête ReadProcessMemory ou WriteProcessMemory a été effectuée. (0x12B)
[0506/230732.556:ERROR:process_memory_win.cc(73)] ReadMemory at 0x76ea03b0 of 18 bytes failed: Seule une partie d’une requête ReadProcessMemory ou WriteProcessMemory a été effectuée. (0x12B)
[0506/230732.556:ERROR:process_memory_win.cc(73)] ReadMemory at 0x76ebd640 of 64 bytes failed: Seule une partie d’une requête ReadProcessMemory ou WriteProcessMemory a été effectuée. (0x12B)
[0506/230732.556:ERROR:process_memory_win.cc(73)] ReadMemory at 0x76ec2100 of 48 bytes failed: Seule une partie d’une requête ReadProcessMemory ou WriteProcessMemory a été effectuée. (0x12B)
[0506/230732.556:ERROR:process_memory_win.cc(73)] ReadMemory at 0x76ec2490 of 40 bytes failed: Seule une partie d’une requête ReadProcessMemory ou WriteProcessMemory a été effectuée. (0x12B)
[0506/230732.556:ERROR:process_memory_win.cc(73)] ReadMemory at 0x2c7df0cbf80 of 512 bytes failed: Seule une partie d’une requête ReadProcessMemory ou WriteProcessMemory a été effectuée. (0x12B)
[0506/230732.557:ERROR:process_memory_win.cc(73)] ReadMemory at 0x7feb99a41f0 of 512 bytes failed: Seule une partie d’une requête ReadProcessMemory ou WriteProcessMemory a été effectuée. (0x12B)
[0506/230732.557:ERROR:process_memory_win.cc(73)] ReadMemory at 0x7febb399690 of 652 bytes failed: Seule une partie d’une requête ReadProcessMemory ou WriteProcessMemory a été effectuée. (0x12B)
[0506/230732.557:ERROR:process_memory_win.cc(73)] ReadMemory at 0x7febe3d25a0 of 512 bytes failed: Seule une partie d’une requête ReadProcessMemory ou WriteProcessMemory a été effectuée. (0x12B)
[0506/230732.557:ERROR:process_memory_win.cc(73)] ReadMemory at 0x7febf66cba0 of 512 bytes failed: Seule une partie d’une requête ReadProcessMemory ou WriteProcessMemory a été effectuée. (0x12B)
[0506/230732.557:ERROR:process_memory_win.cc(73)] ReadMemory at 0x7fec0309cd8 of 512 bytes failed: Seule une partie d’une requête ReadProcessMemory ou WriteProcessMemory a été effectuée. (0x12B)
[0506/230732.557:ERROR:process_memory_win.cc(73)] ReadMemory at 0x7fec6727a55 of 512 bytes failed: Seule une partie d’une requête ReadProcessMemory ou WriteProcessMemory a été effectuée. (0x12B)
[0506/230732.557:ERROR:process_memory_win.cc(73)] ReadMemory at 0x7fec6728245 of 512 bytes failed: Seule une partie d’une requête ReadProcessMemory ou WriteProcessMemory a été effectuée. (0x12B)
[0506/230732.557:ERROR:process_memory_win.cc(73)] ReadMemory at 0x7fffffa0000 of 6024 bytes failed: Seule une partie d’une requête ReadProcessMemory ou WriteProcessMemory a été effectuée. (0x12B)
[0506/230732.557:ERROR:process_memory_win.cc(73)] ReadMemory at 0x7fffffa2000 of 6024 bytes failed: Seule une partie d’une requête ReadProcessMemory ou WriteProcessMemory a été effectuée. (0x12B)
[0506/230732.557:ERROR:process_memory_win.cc(73)] ReadMemory at 0x7fffffa4000 of 6024 bytes failed: Seule une partie d’une requête ReadProcessMemory ou WriteProcessMemory a été effectuée. (0x12B)
[0506/230732.557:ERROR:process_memory_win.cc(73)] ReadMemory at 0x7fffffa6000 of 6024 bytes failed: Seule une partie d’une requête ReadProcessMemory ou WriteProcessMemory a été effectuée. (0x12B)
[0506/230732.557:ERROR:process_memory_win.cc(73)] ReadMemory at 0x7fffffa8000 of 6024 bytes failed: Seule une partie d’une requête ReadProcessMemory ou WriteProcessMemory a été effectuée. (0x12B)
[0506/230732.557:ERROR:process_memory_win.cc(73)] ReadMemory at 0x7fffffaa000 of 6024 bytes failed: Seule une partie d’une requête ReadProcessMemory ou WriteProcessMemory a été effectuée. (0x12B)
[0506/230732.557:ERROR:process_memory_win.cc(73)] ReadMemory at 0x7fffffac000 of 6024 bytes failed: Seule une partie d’une requête ReadProcessMemory ou WriteProcessMemory a été effectuée. (0x12B)
[0506/230732.557:ERROR:process_memory_win.cc(73)] ReadMemory at 0x7fffffae000 of 6024 bytes failed: Seule une partie d’une requête ReadProcessMemory ou WriteProcessMemory a été effectuée. (0x12B)
[0506/230732.557:ERROR:process_memory_win.cc(73)] ReadMemory at 0x7fffffd3000 of 6024 bytes failed: Seule une partie d’une requête ReadProcessMemory ou WriteProcessMemory a été effectuée. (0x12B)
[0506/230732.558:ERROR:process_memory_win.cc(73)] ReadMemory at 0x7fffffd5000 of 852 bytes failed: Seule une partie d’une requête ReadProcessMemory ou WriteProcessMemory a été effectuée. (0x12B)
[0506/230732.558:ERROR:process_memory_win.cc(73)] ReadMemory at 0x7fffffd6000 of 6024 bytes failed: Seule une partie d’une requête ReadProcessMemory ou WriteProcessMemory a été effectuée. (0x12B)
[0506/230732.558:ERROR:process_memory_win.cc(73)] ReadMemory at 0x7fffffd8000 of 6024 bytes failed: Seule une partie d’une requête ReadProcessMemory ou WriteProcessMemory a été effectuée. (0x12B)
[0506/230732.558:ERROR:process_memory_win.cc(73)] ReadMemory at 0x7fffffda000 of 6024 bytes failed: Seule une partie d’une requête ReadProcessMemory ou WriteProcessMemory a été effectuée. (0x12B)
[0506/230732.558:ERROR:process_memory_win.cc(73)] ReadMemory at 0x7fffffdc000 of 6024 bytes failed: Seule une partie d’une requête ReadProcessMemory ou WriteProcessMemory a été effectuée. (0x12B)
[0506/230732.558:ERROR:process_memory_win.cc(73)] ReadMemory at 0x7fffffde000 of 6024 bytes failed: Seule une partie d’une requête ReadProcessMemory ou WriteProcessMemory a été effectuée. (0x12B)
[0506/230732.560:ERROR:scoped_process_suspend.cc(40)] NtResumeProcess: Tentative d’accès à un processus en cours d’arrêt. (0xc000010a)
